<?xml version="1.0" encoding="UTF-8" standalone="no"?>
<!DOCTYPE log SYSTEM "logger.dtd">
<log>
<record>
  <date>2023-08-30T08:40:45.462-0300</date>
  <logger>GABRIELE MEDEIROS CALAFANGE</logger>
  <level>FINE</level>
  <message>File 122110412-GABRIELE MEDEIROS CALAFANGE.zip was received. It was sent by GABRIELE MEDEIROS CALAFANGE from IP 150.165.42.213 at 30-08-2023 08*40*45</message>
</record>
</log>
<?xml version="1.0" encoding="UTF-8" standalone="no"?>
<!DOCTYPE log SYSTEM "logger.dtd">
<log>
<record>
  <date>2023-08-30T09:42:59.564-0300</date>
  <logger>GABRIELE MEDEIROS CALAFANGE</logger>
  <level>FINE</level>
  <message>File 122110412-GABRIELE MEDEIROS CALAFANGE.zip was received. It was sent by GABRIELE MEDEIROS CALAFANGE from IP 150.165.42.213 at 30-08-2023 09*42*59</message>
</record>
</log>
<?xml version="1.0" encoding="UTF-8" standalone="no"?>
<!DOCTYPE log SYSTEM "logger.dtd">
<log>
<record>
  <date>2023-08-31T21:22:14.824-0300</date>
  <logger>GABRIELE MEDEIROS CALAFANGE</logger>
  <level>FINE</level>
  <message>File 122110412-GABRIELE MEDEIROS CALAFANGE.zip was received. It was sent by GABRIELE MEDEIROS CALAFANGE from IP 172.20.10.2 at 31-08-2023 21*22*14</message>
</record>
</log>
<?xml version="1.0" encoding="UTF-8" standalone="no"?>
<!DOCTYPE log SYSTEM "logger.dtd">
<log>
<record>
  <date>2023-08-31T21:31:13.723-0300</date>
  <logger>GABRIELE MEDEIROS CALAFANGE</logger>
  <level>FINE</level>
  <message>File 122110412-GABRIELE MEDEIROS CALAFANGE.zip was received. It was sent by GABRIELE MEDEIROS CALAFANGE from IP 192.168.0.8 at 31-08-2023 21*31*13</message>
</record>
